<?xml version="1.0" encoding="UTF-8"?>
<!-- Generated by org.testng.reporters.JUnitXMLReporter -->
<testsuite ignored="20" hostname="Punit" failures="1" tests="11" name="Test" time="238.519" errors="0" timestamp="2022-03-17T16:48:37 IST">
  <testcase classname="com.createOrganizationIndustry.CreateOrganizationwithIndustryTest" name="create_organization_with_industry" time="12.964"/>
  <testcase classname="com.CreateContactWithOrganisation.CreateContactWithOrganizationTest" name="create_contact_with_organization" time="13.881">
    <skipped/>
  </testcase> <!-- create_contact_with_organization -->
  <testcase classname="com.CreateContactWithOrganisation.CreateContactWithOrganizationTest" name="create_contact_with_organization" time="12.238">
    <skipped/>
  </testcase> <!-- create_contact_with_organization -->
  <testcase classname="com.CreateContactWithOrganisation.CreateContactWithOrganizationTest" name="create_contact_with_organization" time="12.813">
    <skipped/>
  </testcase> <!-- create_contact_with_organization -->
  <testcase classname="com.CreateContactWithOrganisation.CreateContactWithOrganizationTest" name="create_contact_with_organization" time="12.667">
    <skipped/>
  </testcase> <!-- create_contact_with_organization -->
  <testcase classname="com.CreateContactWithOrganisation.CreateContactWithOrganizationTest" name="create_contact_with_organization" time="12.834">
    <skipped/>
  </testcase> <!-- create_contact_with_organization -->
  <testcase classname="com.CreateContactWithOrganisation.CreateContactWithOrganizationTest" name="create_contact_with_organization" time="12.733">
    <failure type="java.lang.AssertionError" message="null">
      <![CDATA[java.lang.AssertionError: null
at com.CreateContactWithOrganisation.CreateContactWithOrganizationTest.create_contact_with_organization(CreateContactWithOrganizationTest.java:43)
at java.base/java.util.ArrayList.forEach(ArrayList.java:1511)
... Removed 29 stack frames]]>
    </failure>
  </testcase> <!-- create_contact_with_organization -->
  <testcase classname="com.createPurchaseOrder.CreatePurchaseOrder2Test" name="create_purchase_order" time="27.004"/>
  <testcase classname="com.createPurchaseOrder.CreatePurchaseOrderTest" name="create_purchase_order" time="25.78"/>
  <testcase classname="com.CampaignWithProduct.CreateCampaignWithProduct" name="create_campaign_with_product" time="14.627"/>
  <testcase classname="com.Create_Product.CreateProductTest" name="create_product" time="12.332"/>
  <testcase classname="com.crm.GenericUtility.Base_Class" name="@BeforeSuite database_connection" time="0.0">
    <ignored/>
  </testcase> <!-- @BeforeSuite database_connection -->
  <testcase classname="com.crm.GenericUtility.Base_Class" name="@BeforeSuite database_connection" time="0.0">
    <ignored/>
  </testcase> <!-- @BeforeSuite database_connection -->
  <testcase classname="com.crm.GenericUtility.Base_Class" name="@BeforeSuite database_connection" time="0.0">
    <ignored/>
  </testcase> <!-- @BeforeSuite database_connection -->
  <testcase classname="com.crm.GenericUtility.Base_Class" name="@BeforeSuite database_connection" time="0.0">
    <ignored/>
  </testcase> <!-- @BeforeSuite database_connection -->
  <testcase classname="com.crm.GenericUtility.Base_Class" name="@BeforeSuite database_connection" time="0.0">
    <ignored/>
  </testcase> <!-- @BeforeSuite database_connection -->
  <testcase classname="com.crm.GenericUtility.Base_Class" name="@BeforeTest before_test" time="0.0">
    <ignored/>
  </testcase> <!-- @BeforeTest before_test -->
  <testcase classname="com.crm.GenericUtility.Base_Class" name="@BeforeTest before_test" time="0.0">
    <ignored/>
  </testcase> <!-- @BeforeTest before_test -->
  <testcase classname="com.crm.GenericUtility.Base_Class" name="@BeforeTest before_test" time="0.0">
    <ignored/>
  </testcase> <!-- @BeforeTest before_test -->
  <testcase classname="com.crm.GenericUtility.Base_Class" name="@BeforeTest before_test" time="0.0">
    <ignored/>
  </testcase> <!-- @BeforeTest before_test -->
  <testcase classname="com.crm.GenericUtility.Base_Class" name="@BeforeTest before_test" time="0.0">
    <ignored/>
  </testcase> <!-- @BeforeTest before_test -->
  <testcase classname="com.crm.GenericUtility.Base_Class" name="@AfterSuite close_database_connection" time="0.0">
    <ignored/>
  </testcase> <!-- @AfterSuite close_database_connection -->
  <testcase classname="com.crm.GenericUtility.Base_Class" name="@AfterSuite close_database_connection" time="0.0">
    <ignored/>
  </testcase> <!-- @AfterSuite close_database_connection -->
  <testcase classname="com.crm.GenericUtility.Base_Class" name="@AfterSuite close_database_connection" time="0.0">
    <ignored/>
  </testcase> <!-- @AfterSuite close_database_connection -->
  <testcase classname="com.crm.GenericUtility.Base_Class" name="@AfterSuite close_database_connection" time="0.0">
    <ignored/>
  </testcase> <!-- @AfterSuite close_database_connection -->
  <testcase classname="com.crm.GenericUtility.Base_Class" name="@AfterSuite close_database_connection" time="0.0">
    <ignored/>
  </testcase> <!-- @AfterSuite close_database_connection -->
  <testcase classname="com.crm.GenericUtility.Base_Class" name="@AfterTest close_parallel_execution" time="0.0">
    <ignored/>
  </testcase> <!-- @AfterTest close_parallel_execution -->
  <testcase classname="com.crm.GenericUtility.Base_Class" name="@AfterTest close_parallel_execution" time="0.0">
    <ignored/>
  </testcase> <!-- @AfterTest close_parallel_execution -->
  <testcase classname="com.crm.GenericUtility.Base_Class" name="@AfterTest close_parallel_execution" time="0.0">
    <ignored/>
  </testcase> <!-- @AfterTest close_parallel_execution -->
  <testcase classname="com.crm.GenericUtility.Base_Class" name="@AfterTest close_parallel_execution" time="0.0">
    <ignored/>
  </testcase> <!-- @AfterTest close_parallel_execution -->
  <testcase classname="com.crm.GenericUtility.Base_Class" name="@AfterTest close_parallel_execution" time="0.0">
    <ignored/>
  </testcase> <!-- @AfterTest close_parallel_execution -->
</testsuite> <!-- Test -->
